TrimmomaticSE: Started with arguments:
 -phred33 -threads 2 /home/data/fqs_raw/F3D0_S188_L001_R1_001.fastq /home/data/fqs_trimmed/fastq/F3D0_S188_L001_R1_001_FILTERED.fastq ILLUMINACLIP:/home/bio-softwares/Trimmomatic/adapters/TruSeq3-SE.fa:2:30:10 HEADCROP:20 SLIDINGWINDOW:5:20 MINLEN:180
Using Long Clipping Sequence: 'AGATCGGAAGAGCGTCGTGTAGGGAAAGAGTGTA'
Using Long Clipping Sequence: 'AGATCGGAAGAGCACACGTCTGAACTCCAGTCAC'
ILLUMINACLIP: Using 0 prefix pairs, 2 forward/reverse sequences, 0 forward only sequences, 0 reverse only sequences
Input Reads: 7793 Surviving: 6667 (85.55%) Dropped: 1126 (14.45%)
TrimmomaticSE: Completed successfully
TrimmomaticSE: Started with arguments:
 -phred33 -threads 2 /home/data/fqs_raw/F3D1_S189_L001_R1_001.fastq /home/data/fqs_trimmed/fastq/F3D1_S189_L001_R1_001_FILTERED.fastq ILLUMINACLIP:/home/bio-softwares/Trimmomatic/adapters/TruSeq3-SE.fa:2:30:10 HEADCROP:20 SLIDINGWINDOW:5:20 MINLEN:180
Using Long Clipping Sequence: 'AGATCGGAAGAGCGTCGTGTAGGGAAAGAGTGTA'
Using Long Clipping Sequence: 'AGATCGGAAGAGCACACGTCTGAACTCCAGTCAC'
ILLUMINACLIP: Using 0 prefix pairs, 2 forward/reverse sequences, 0 forward only sequences, 0 reverse only sequences
Input Reads: 5869 Surviving: 4932 (84.03%) Dropped: 937 (15.97%)
TrimmomaticSE: Completed successfully
TrimmomaticSE: Started with arguments:
 -phred33 -threads 2 /home/data/fqs_raw/F3D2_S190_L001_R1_001.fastq /home/data/fqs_trimmed/fastq/F3D2_S190_L001_R1_001_FILTERED.fastq ILLUMINACLIP:/home/bio-softwares/Trimmomatic/adapters/TruSeq3-SE.fa:2:30:10 HEADCROP:20 SLIDINGWINDOW:5:20 MINLEN:180
Using Long Clipping Sequence: 'AGATCGGAAGAGCGTCGTGTAGGGAAAGAGTGTA'
Using Long Clipping Sequence: 'AGATCGGAAGAGCACACGTCTGAACTCCAGTCAC'
ILLUMINACLIP: Using 0 prefix pairs, 2 forward/reverse sequences, 0 forward only sequences, 0 reverse only sequences
Input Reads: 19620 Surviving: 17179 (87.56%) Dropped: 2441 (12.44%)
TrimmomaticSE: Completed successfully
TrimmomaticSE: Started with arguments:
 -phred33 -threads 2 /home/data/fqs_raw/F3D3_S191_L001_R1_001.fastq /home/data/fqs_trimmed/fastq/F3D3_S191_L001_R1_001_FILTERED.fastq ILLUMINACLIP:/home/bio-softwares/Trimmomatic/adapters/TruSeq3-SE.fa:2:30:10 HEADCROP:20 SLIDINGWINDOW:5:20 MINLEN:180
Using Long Clipping Sequence: 'AGATCGGAAGAGCGTCGTGTAGGGAAAGAGTGTA'
Using Long Clipping Sequence: 'AGATCGGAAGAGCACACGTCTGAACTCCAGTCAC'
ILLUMINACLIP: Using 0 prefix pairs, 2 forward/reverse sequences, 0 forward only sequences, 0 reverse only sequences
Input Reads: 6758 Surviving: 5864 (86.77%) Dropped: 894 (13.23%)
TrimmomaticSE: Completed successfully
TrimmomaticSE: Started with arguments:
 -phred33 -threads 2 /home/data/fqs_raw/F3D5_S193_L001_R1_001.fastq /home/data/fqs_trimmed/fastq/F3D5_S193_L001_R1_001_FILTERED.fastq ILLUMINACLIP:/home/bio-softwares/Trimmomatic/adapters/TruSeq3-SE.fa:2:30:10 HEADCROP:20 SLIDINGWINDOW:5:20 MINLEN:180
Using Long Clipping Sequence: 'AGATCGGAAGAGCGTCGTGTAGGGAAAGAGTGTA'
Using Long Clipping Sequence: 'AGATCGGAAGAGCACACGTCTGAACTCCAGTCAC'
ILLUMINACLIP: Using 0 prefix pairs, 2 forward/reverse sequences, 0 forward only sequences, 0 reverse only sequences
Input Reads: 4448 Surviving: 3808 (85.61%) Dropped: 640 (14.39%)
TrimmomaticSE: Completed successfully
TrimmomaticSE: Started with arguments:
 -phred33 -threads 2 /home/data/fqs_raw/F3D6_S194_L001_R1_001.fastq /home/data/fqs_trimmed/fastq/F3D6_S194_L001_R1_001_FILTERED.fastq ILLUMINACLIP:/home/bio-softwares/Trimmomatic/adapters/TruSeq3-SE.fa:2:30:10 HEADCROP:20 SLIDINGWINDOW:5:20 MINLEN:180
Using Long Clipping Sequence: 'AGATCGGAAGAGCGTCGTGTAGGGAAAGAGTGTA'
Using Long Clipping Sequence: 'AGATCGGAAGAGCACACGTCTGAACTCCAGTCAC'
ILLUMINACLIP: Using 0 prefix pairs, 2 forward/reverse sequences, 0 forward only sequences, 0 reverse only sequences
Input Reads: 7989 Surviving: 6962 (87.14%) Dropped: 1027 (12.86%)
TrimmomaticSE: Completed successfully
TrimmomaticSE: Started with arguments:
 -phred33 -threads 2 /home/data/fqs_raw/F3D7_S195_L001_R1_001.fastq /home/data/fqs_trimmed/fastq/F3D7_S195_L001_R1_001_FILTERED.fastq ILLUMINACLIP:/home/bio-softwares/Trimmomatic/adapters/TruSeq3-SE.fa:2:30:10 HEADCROP:20 SLIDINGWINDOW:5:20 MINLEN:180
Using Long Clipping Sequence: 'AGATCGGAAGAGCGTCGTGTAGGGAAAGAGTGTA'
Using Long Clipping Sequence: 'AGATCGGAAGAGCACACGTCTGAACTCCAGTCAC'
ILLUMINACLIP: Using 0 prefix pairs, 2 forward/reverse sequences, 0 forward only sequences, 0 reverse only sequences
Input Reads: 5129 Surviving: 4509 (87.91%) Dropped: 620 (12.09%)
TrimmomaticSE: Completed successfully
TrimmomaticSE: Started with arguments:
 -phred33 -threads 2 /home/data/fqs_raw/F3D8_S196_L001_R1_001.fastq /home/data/fqs_trimmed/fastq/F3D8_S196_L001_R1_001_FILTERED.fastq ILLUMINACLIP:/home/bio-softwares/Trimmomatic/adapters/TruSeq3-SE.fa:2:30:10 HEADCROP:20 SLIDINGWINDOW:5:20 MINLEN:180
Using Long Clipping Sequence: 'AGATCGGAAGAGCGTCGTGTAGGGAAAGAGTGTA'
Using Long Clipping Sequence: 'AGATCGGAAGAGCACACGTCTGAACTCCAGTCAC'
ILLUMINACLIP: Using 0 prefix pairs, 2 forward/reverse sequences, 0 forward only sequences, 0 reverse only sequences
Input Reads: 5294 Surviving: 4540 (85.76%) Dropped: 754 (14.24%)
TrimmomaticSE: Completed successfully
TrimmomaticSE: Started with arguments:
 -phred33 -threads 2 /home/data/fqs_raw/F3D9_S197_L001_R1_001.fastq /home/data/fqs_trimmed/fastq/F3D9_S197_L001_R1_001_FILTERED.fastq ILLUMINACLIP:/home/bio-softwares/Trimmomatic/adapters/TruSeq3-SE.fa:2:30:10 HEADCROP:20 SLIDINGWINDOW:5:20 MINLEN:180
Using Long Clipping Sequence: 'AGATCGGAAGAGCGTCGTGTAGGGAAAGAGTGTA'
Using Long Clipping Sequence: 'AGATCGGAAGAGCACACGTCTGAACTCCAGTCAC'
ILLUMINACLIP: Using 0 prefix pairs, 2 forward/reverse sequences, 0 forward only sequences, 0 reverse only sequences
Input Reads: 7070 Surviving: 6181 (87.43%) Dropped: 889 (12.57%)
TrimmomaticSE: Completed successfully
TrimmomaticSE: Started with arguments:
 -phred33 -threads 2 /home/data/fqs_raw/F3D141_S207_L001_R1_001.fastq /home/data/fqs_trimmed/fastq/F3D141_S207_L001_R1_001_FILTERED.fastq ILLUMINACLIP:/home/bio-softwares/Trimmomatic/adapters/TruSeq3-SE.fa:2:30:10 HEADCROP:20 SLIDINGWINDOW:5:20 MINLEN:180
Using Long Clipping Sequence: 'AGATCGGAAGAGCGTCGTGTAGGGAAAGAGTGTA'
Using Long Clipping Sequence: 'AGATCGGAAGAGCACACGTCTGAACTCCAGTCAC'
ILLUMINACLIP: Using 0 prefix pairs, 2 forward/reverse sequences, 0 forward only sequences, 0 reverse only sequences
Input Reads: 5958 Surviving: 5164 (86.67%) Dropped: 794 (13.33%)
TrimmomaticSE: Completed successfully
TrimmomaticSE: Started with arguments:
 -phred33 -threads 2 /home/data/fqs_raw/F3D142_S208_L001_R1_001.fastq /home/data/fqs_trimmed/fastq/F3D142_S208_L001_R1_001_FILTERED.fastq ILLUMINACLIP:/home/bio-softwares/Trimmomatic/adapters/TruSeq3-SE.fa:2:30:10 HEADCROP:20 SLIDINGWINDOW:5:20 MINLEN:180
Using Long Clipping Sequence: 'AGATCGGAAGAGCGTCGTGTAGGGAAAGAGTGTA'
Using Long Clipping Sequence: 'AGATCGGAAGAGCACACGTCTGAACTCCAGTCAC'
ILLUMINACLIP: Using 0 prefix pairs, 2 forward/reverse sequences, 0 forward only sequences, 0 reverse only sequences
Input Reads: 3183 Surviving: 2771 (87.06%) Dropped: 412 (12.94%)
TrimmomaticSE: Completed successfully
TrimmomaticSE: Started with arguments:
 -phred33 -threads 2 /home/data/fqs_raw/F3D143_S209_L001_R1_001.fastq /home/data/fqs_trimmed/fastq/F3D143_S209_L001_R1_001_FILTERED.fastq ILLUMINACLIP:/home/bio-softwares/Trimmomatic/adapters/TruSeq3-SE.fa:2:30:10 HEADCROP:20 SLIDINGWINDOW:5:20 MINLEN:180
Using Long Clipping Sequence: 'AGATCGGAAGAGCGTCGTGTAGGGAAAGAGTGTA'
Using Long Clipping Sequence: 'AGATCGGAAGAGCACACGTCTGAACTCCAGTCAC'
ILLUMINACLIP: Using 0 prefix pairs, 2 forward/reverse sequences, 0 forward only sequences, 0 reverse only sequences
Input Reads: 3178 Surviving: 2770 (87.16%) Dropped: 408 (12.84%)
TrimmomaticSE: Completed successfully
TrimmomaticSE: Started with arguments:
 -phred33 -threads 2 /home/data/fqs_raw/F3D144_S210_L001_R1_001.fastq /home/data/fqs_trimmed/fastq/F3D144_S210_L001_R1_001_FILTERED.fastq ILLUMINACLIP:/home/bio-softwares/Trimmomatic/adapters/TruSeq3-SE.fa:2:30:10 HEADCROP:20 SLIDINGWINDOW:5:20 MINLEN:180
Using Long Clipping Sequence: 'AGATCGGAAGAGCGTCGTGTAGGGAAAGAGTGTA'
Using Long Clipping Sequence: 'AGATCGGAAGAGCACACGTCTGAACTCCAGTCAC'
ILLUMINACLIP: Using 0 prefix pairs, 2 forward/reverse sequences, 0 forward only sequences, 0 reverse only sequences
Input Reads: 4827 Surviving: 4049 (83.88%) Dropped: 778 (16.12%)
TrimmomaticSE: Completed successfully
TrimmomaticSE: Started with arguments:
 -phred33 -threads 2 /home/data/fqs_raw/F3D145_S211_L001_R1_001.fastq /home/data/fqs_trimmed/fastq/F3D145_S211_L001_R1_001_FILTERED.fastq ILLUMINACLIP:/home/bio-softwares/Trimmomatic/adapters/TruSeq3-SE.fa:2:30:10 HEADCROP:20 SLIDINGWINDOW:5:20 MINLEN:180
Using Long Clipping Sequence: 'AGATCGGAAGAGCGTCGTGTAGGGAAAGAGTGTA'
Using Long Clipping Sequence: 'AGATCGGAAGAGCACACGTCTGAACTCCAGTCAC'
ILLUMINACLIP: Using 0 prefix pairs, 2 forward/reverse sequences, 0 forward only sequences, 0 reverse only sequences
Input Reads: 7377 Surviving: 6373 (86.39%) Dropped: 1004 (13.61%)
TrimmomaticSE: Completed successfully
TrimmomaticSE: Started with arguments:
 -phred33 -threads 2 /home/data/fqs_raw/F3D146_S212_L001_R1_001.fastq /home/data/fqs_trimmed/fastq/F3D146_S212_L001_R1_001_FILTERED.fastq ILLUMINACLIP:/home/bio-softwares/Trimmomatic/adapters/TruSeq3-SE.fa:2:30:10 HEADCROP:20 SLIDINGWINDOW:5:20 MINLEN:180
Using Long Clipping Sequence: 'AGATCGGAAGAGCGTCGTGTAGGGAAAGAGTGTA'
Using Long Clipping Sequence: 'AGATCGGAAGAGCACACGTCTGAACTCCAGTCAC'
ILLUMINACLIP: Using 0 prefix pairs, 2 forward/reverse sequences, 0 forward only sequences, 0 reverse only sequences
Input Reads: 5021 Surviving: 4272 (85.08%) Dropped: 749 (14.92%)
TrimmomaticSE: Completed successfully
TrimmomaticSE: Started with arguments:
 -phred33 -threads 2 /home/data/fqs_raw/F3D147_S213_L001_R1_001.fastq /home/data/fqs_trimmed/fastq/F3D147_S213_L001_R1_001_FILTERED.fastq ILLUMINACLIP:/home/bio-softwares/Trimmomatic/adapters/TruSeq3-SE.fa:2:30:10 HEADCROP:20 SLIDINGWINDOW:5:20 MINLEN:180
Using Long Clipping Sequence: 'AGATCGGAAGAGCGTCGTGTAGGGAAAGAGTGTA'
Using Long Clipping Sequence: 'AGATCGGAAGAGCACACGTCTGAACTCCAGTCAC'
ILLUMINACLIP: Using 0 prefix pairs, 2 forward/reverse sequences, 0 forward only sequences, 0 reverse only sequences
Input Reads: 17070 Surviving: 14914 (87.37%) Dropped: 2156 (12.63%)
TrimmomaticSE: Completed successfully
TrimmomaticSE: Started with arguments:
 -phred33 -threads 2 /home/data/fqs_raw/F3D148_S214_L001_R1_001.fastq /home/data/fqs_trimmed/fastq/F3D148_S214_L001_R1_001_FILTERED.fastq ILLUMINACLIP:/home/bio-softwares/Trimmomatic/adapters/TruSeq3-SE.fa:2:30:10 HEADCROP:20 SLIDINGWINDOW:5:20 MINLEN:180
Using Long Clipping Sequence: 'AGATCGGAAGAGCGTCGTGTAGGGAAAGAGTGTA'
Using Long Clipping Sequence: 'AGATCGGAAGAGCACACGTCTGAACTCCAGTCAC'
ILLUMINACLIP: Using 0 prefix pairs, 2 forward/reverse sequences, 0 forward only sequences, 0 reverse only sequences
Input Reads: 12405 Surviving: 10738 (86.56%) Dropped: 1667 (13.44%)
TrimmomaticSE: Completed successfully
TrimmomaticSE: Started with arguments:
 -phred33 -threads 2 /home/data/fqs_raw/F3D149_S215_L001_R1_001.fastq /home/data/fqs_trimmed/fastq/F3D149_S215_L001_R1_001_FILTERED.fastq ILLUMINACLIP:/home/bio-softwares/Trimmomatic/adapters/TruSeq3-SE.fa:2:30:10 HEADCROP:20 SLIDINGWINDOW:5:20 MINLEN:180
Using Long Clipping Sequence: 'AGATCGGAAGAGCGTCGTGTAGGGAAAGAGTGTA'
Using Long Clipping Sequence: 'AGATCGGAAGAGCACACGTCTGAACTCCAGTCAC'
ILLUMINACLIP: Using 0 prefix pairs, 2 forward/reverse sequences, 0 forward only sequences, 0 reverse only sequences
Input Reads: 13083 Surviving: 11280 (86.22%) Dropped: 1803 (13.78%)
TrimmomaticSE: Completed successfully
TrimmomaticSE: Started with arguments:
 -phred33 -threads 2 /home/data/fqs_raw/F3D150_S216_L001_R1_001.fastq /home/data/fqs_trimmed/fastq/F3D150_S216_L001_R1_001_FILTERED.fastq ILLUMINACLIP:/home/bio-softwares/Trimmomatic/adapters/TruSeq3-SE.fa:2:30:10 HEADCROP:20 SLIDINGWINDOW:5:20 MINLEN:180
Using Long Clipping Sequence: 'AGATCGGAAGAGCGTCGTGTAGGGAAAGAGTGTA'
Using Long Clipping Sequence: 'AGATCGGAAGAGCACACGTCTGAACTCCAGTCAC'
ILLUMINACLIP: Using 0 prefix pairs, 2 forward/reverse sequences, 0 forward only sequences, 0 reverse only sequences
Input Reads: 5509 Surviving: 4764 (86.48%) Dropped: 745 (13.52%)
TrimmomaticSE: Completed successfully
